create Vagrantfile
create manifest (yaml)

(base) mozaki@goku:~/001_CODE/900_Study/000_udacity/001_cloud_fundation/nd064_course_1/project$ vagrant halt
==> default: Attempting graceful shutdown of VM...
(base) mozaki@goku:~/001_CODE/900_Study/000_udacity/001_cloud_fundation/nd064_course_1/project$ vagrant up
Bringing machine 'default' up with 'virtualbox' provider...
==> default: Checking if box 'opensuse/Leap-15.2.x86_64' version '15.2.31.632' is up to date...
==> default: Clearing any previously set forwarded ports...
==> default: Fixed port collision for 22 => 2222. Now on port 2202.
==> default: Clearing any previously set network interfaces...
==> default: Preparing network interfaces based on configuration...
    default: Adapter 1: nat
    default: Adapter 2: hostonly
==> default: Forwarding ports...
    default: 8080 (guest) => 8081 (host) (adapter 1)
    default: 6111 (guest) => 6121 (host) (adapter 1)
    default: 6112 (guest) => 6122 (host) (adapter 1)
    default: 22 (guest) => 2202 (host) (adapter 1)
==> default: Running 'pre-boot' VM customizations...
==> default: Booting VM...
==> default: Waiting for machine to boot. This may take a few minutes...
    default: SSH address: 127.0.0.1:2202
    default: SSH username: vagrant
    default: SSH auth method: private key
    default: Warning: Connection reset. Retrying...
    default: Warning: Remote connection disconnect. Retrying...
==> default: Machine booted and ready!
==> default: Checking for guest additions in VM...
    default: The guest additions on this VM do not match the installed version of
    default: VirtualBox! In most cases this is fine, but in rare cases it can
    default: prevent things such as shared folders from working properly. If you see
    default: shared folder errors, please make sure the guest additions within the
    default: virtual machine match the version of VirtualBox you have installed on
    default: your host and reload your VM.
    default: 
    default: Guest Additions Version: 6.1.30
    default: VirtualBox Version: 7.0
==> default: Configuring and enabling network interfaces...
==> default: Rsyncing folder: /home/mozaki/001_CODE/900_Study/000_udacity/001_cloud_fundation/nd064_course_1/project/ => /vagrant
==> default: Machine already provisioned. Run `vagrant provision` or use the `--provision`
==> default: flag to force provisioning. Provisioners marked to run always will still run.
(base) mozaki@goku:~/001_CODE/900_Study/000_udacity/001_cloud_fundation/nd064_course_1/project$ vagrant ssh
Last login: Wed Aug  7 15:52:40 2024 from 10.0.2.2
Have a lot of fun...
vagrant@localhost:~> sudo su
localhost:/home/vagrant # kubectl apply -f /vagrant/kubernetes/service.yaml
Error from server (NotFound): error when creating "/vagrant/kubernetes/service.yaml": namespaces "sandbox" not found
localhost:/home/vagrant # kubectl apply -f /vagrant/kubernetes/namespace.yaml 
namespace/sandbox created
localhost:/home/vagrant # kubectl apply -f /vagrant/kubernetes/deploy.yaml 
deployment.apps/techtrends created
localhost:/home/vagrant # kubectl apply -f /vagrant/kubernetes/service.yaml 
service/techtrends created
localhost:/home/vagrant # kubectl get deployments -n sandbox
NAME         READY   UP-TO-DATE   AVAILABLE   AGE
techtrends   0/1     1            0           11s
localhost:/home/vagrant # kubectl get services -n sandbox
NAME         TYPE        CLUSTER-IP      EXTERNAL-IP   PORT(S)    AGE
techtrends   ClusterIP   10.43.218.190   <none>        4111/TCP   14s
localhost:/home/vagrant # kubectl get pods -n sandbox
NAME                          READY   STATUS             RESTARTS   AGE
techtrends-56d945fd67-qv6f7   0/1     ImagePullBackOff   0          21s
localhost:/home/vagrant # 
